<?xml version="1.0" encoding="UTF-8"?>
<testsuite xmlns:xsi="http://www.w3.org/2001/XMLSchema-instance" xsi:noNamespaceSchemaLocation="https://maven.apache.org/surefire/maven-surefire-plugin/xsd/surefire-test-report-3.0.xsd" version="3.0" name="com.demo.demo.DemoApplicationTests" time="1.208" tests="1" errors="0" skipped="0" failures="0">
  <properties>
[...]
</properties>
  <testcase name="contextLoads" classname="com.demo.demo.DemoApplicationTests" time="0.448">
    <system-out><![CDATA[12:23:37.039 [main] INFO org.springframework.test.context.support.AnnotationConfigContextLoaderUtils -- Could not detect default configuration classes for test class [com.demo.demo.DemoApplicationTests]: DemoApplicationTests does not declare any static, non-private, non-final, nested classes annotated with @Configuration.
12:23:37.086 [main] INFO org.springframework.boot.test.context.SpringBootTestContextBootstrapper -- Found @SpringBootConfiguration com.demo.demo.DemoApplication for test class com.demo.demo.DemoApplicationTests

  .   ____          _            __ _ _
 /\\ / ___'_ __ _ _(_)_ __  __ _ \ \ \ \
( ( )\___ | '_ | '_| | '_ \/ _` | \ \ \ \
 \\/  ___)| |_)| | | | | || (_| |  ) ) ) )
  '  |____| .__|_| |_|_| |_\__, | / / / /
 =========|_|==============|___/=/_/_/_/
 :: Spring Boot ::                (v3.2.4)

2024-04-11T12:23:37.255+02:00  INFO 2440 --- [demo] [           main] com.demo.demo.DemoApplicationTests       : Starting DemoApplicationTests using Java 17.0.10 with PID 2440 (started by modoudiouf in /Users/modoudiouf/Downloads/demo)
2024-04-11T12:23:37.255+02:00  INFO 2440 --- [demo] [           main] com.demo.demo.DemoApplicationTests       : No active profile set, falling back to 1 default profile: "default"
2024-04-11T12:23:37.711+02:00  INFO 2440 --- [demo] [           main] com.demo.demo.DemoApplicationTests       : Started DemoApplicationTests in 0.564 seconds (process running for 0.967)
]]></system-out>
  </testcase>
</testsuite>